
View: Number
+--------------------+
| number             |
+--------------------+
| 1:(48,49)          |
| 30:(154,156)       |
| 775:(254,257)      |
| 366:(359,362)      |
| 605:(705,708)      |
| 527:(740,743)      |
| 80:(770,772)       |
| 15:(861,863)       |
| 43:(1004,1006)     |
| 2:(1048,1049)      |
| 17:(1339,1341)     |
| 12:(1433,1435)     |
| 25:(1617,1619)     |
| 5:(1655,1656)      |
| 660:(1735,1738)    |
| 635:(1784,1787)    |
| 750:(1966,1969)    |
| 590:(2024,2027)    |
| 12:(2082,2084)     |
| 2017.:(2159,2164)  |
| 22:(2292,2294)     |
| 2016.:(2324,2329)  |
| 11:(2376,2378)     |
| 2016.:(2415,2420)  |
| 2016.:(2530,2535)  |
| 849.70:(2578,2584) |
| 11:(2588,2590)     |
| 585:(2662,2665)    |
| 146.05:(2725,2731) |
| 35:(2742,2744)     |
| 815:(2811,2814)    |
| 2016.:(2896,2901)  |
| 1:(2969,2970)      |
| 30:(3005,3007)     |
| 30:(3031,3033)     |
| 300:(3057,3060)    |
| 30:(3167,3169)     |
| 450:(3210,3213)    |
| 2016:(3383,3387)   |
| 23:(3458,3460)     |
| 2015:(3462,3466)   |
+--------------------+
41 rows in set

View: Percentage
+-----------------+
| percentage      |
+-----------------+
| 15%:(861,864)   |
| 43%:(1004,1007) |
| 2%:(1048,1050)  |
| 17%:(1339,1342) |
| 12%:(1433,1436) |
| 25%:(1617,1620) |
| 5%:(1655,1657)  |
| 11%:(2588,2591) |
| 35%:(2742,2745) |
+-----------------+
9 rows in set

View: Unit
+----------------------+
| unit                 |
+----------------------+
| trillion:(50,58)     |
| billion:(258,265)    |
| billion:(363,370)    |
| billion:(709,716)    |
| billion:(744,751)    |
| billion:(773,780)    |
| billion:(1739,1746)  |
| billion:(1788,1795)  |
| billion:(1970,1977)  |
| billion:(2028,2035)  |
| billion:(2666,2673)  |
| billion:(2815,2822)  |
| trillion:(2971,2979) |
| billion:(3061,3068)  |
| billion:(3214,3221)  |
+----------------------+
15 rows in set

View: Money
+--------------------------+---------------+-----------------+----------------------+
| money                    | dollar        | number          | unit                 |
+--------------------------+---------------+-----------------+----------------------+
| $1 trillion:(47,58)      | $:(47,48)     | 1:(48,49)       | trillion:(50,58)     |
| $775 billion:(253,265)   | $:(253,254)   | 775:(254,257)   | billion:(258,265)    |
| $366 billion:(358,370)   | $:(358,359)   | 366:(359,362)   | billion:(363,370)    |
| $605 billion:(704,716)   | $:(704,705)   | 605:(705,708)   | billion:(709,716)    |
| $527 billion:(739,751)   | $:(739,740)   | 527:(740,743)   | billion:(744,751)    |
| $80 billion:(769,780)    | $:(769,770)   | 80:(770,772)    | billion:(773,780)    |
| $660 billion:(1734,1746) | $:(1734,1735) | 660:(1735,1738) | billion:(1739,1746)  |
| $635 billion:(1783,1795) | $:(1783,1784) | 635:(1784,1787) | billion:(1788,1795)  |
| $750 billion:(1965,1977) | $:(1965,1966) | 750:(1966,1969) | billion:(1970,1977)  |
| $590 billion:(2023,2035) | $:(2023,2024) | 590:(2024,2027) | billion:(2028,2035)  |
| $585 billion:(2661,2673) | $:(2661,2662) | 585:(2662,2665) | billion:(2666,2673)  |
| $815 billion:(2810,2822) | $:(2810,2811) | 815:(2811,2814) | billion:(2815,2822)  |
| $1 trillion:(2968,2979)  | $:(2968,2969) | 1:(2969,2970)   | trillion:(2971,2979) |
| $300 billion:(3056,3068) | $:(3056,3057) | 300:(3057,3060) | billion:(3061,3068)  |
| $450 billion:(3209,3221) | $:(3209,3210) | 450:(3210,3213) | billion:(3214,3221)  |
+--------------------------+---------------+-----------------+----------------------+
15 rows in set

View: Firm
+----------------------+
| firm                 |
+----------------------+
| Alphabet:(5,13)      |
| Apple:(19,24)        |
| Apple:(137,142)      |
| Apple:(218,223)      |
| Alphabet:(267,275)   |
| Google:(339,345)     |
| Apple's:(388,395)    |
| Google's:(549,557)   |
| Apple:(584,589)      |
| Google:(638,644)     |
| Apple's:(670,677)    |
| Google:(723,729)     |
| Google:(834,840)     |
| Apple's:(873,880)    |
| Apple:(916,921)      |
| Google:(947,953)     |
| Google's:(983,991)   |
| Apple's:(1024,1031)  |
| Google's:(1052,1060) |
| Google:(1126,1132)   |
| Google's:(1195,1203) |
| Apple's:(1249,1256)  |
| Google:(1321,1327)   |
| Google:(1544,1550)   |
| Apple:(1575,1580)    |
| Google's:(1596,1604) |
| Apple's:(1625,1632)  |
| Google's:(1664,1672) |
| Apple's:(1696,1703)  |
| Google:(1705,1711)   |
| Apple's:(1759,1766)  |
| Google:(1933,1939)   |
| Apple:(1982,1987)    |
| Google:(2052,2058)   |
| Apple:(2069,2074)    |
| Google:(2216,2222)   |
| Apple:(2330,2335)    |
| Apple:(2521,2526)    |
| Google:(2567,2573)   |
| Google's:(2624,2632) |
| Apple:(2715,2720)    |
| Apple:(2776,2781)    |
| Apple:(2855,2860)    |
| Google:(2865,2871)   |
| Google:(3251,3257)   |
| Apple:(3263,3268)    |
| Apple:(3325,3330)    |
| Google:(3335,3341)   |
| Alphabet:(3343,3351) |
+----------------------+
49 rows in set

View: Value
+-------------------+
| value             |
+-------------------+
| value:(237,242)   |
| worth:(352,357)   |
| value:(685,690)   |
| worth:(733,738)   |
| value:(1680,1685) |
| worth:(1721,1726) |
| value:(1774,1779) |
| worth:(1949,1954) |
| value:(2008,2013) |
| value:(2640,2645) |
| value:(2791,2796) |
| value:(3190,3195) |
| value:(3407,3412) |
+-------------------+
13 rows in set

View: FirmHasValue
+---------------------------------------------------------------+----------------------+-------------------+
| FirmHasValue                                                  | firm                 | value             |
+---------------------------------------------------------------+----------------------+-------------------+
| Apple had a market value of nearly $775 billion:(218,265)     | Apple:(218,223)      | value:(237,242)   |
| Apple's market value is currently $605 billion:(670,716)      | Apple's:(670,677)    | value:(685,690)   |
| Google would be worth almost $660 billion:(1705,1746)         | Google:(1705,1711)   | worth:(1721,1726) |
| Apple's market value of $635 billion:(1759,1795)              | Apple's:(1759,1766)  | value:(1774,1779) |
| Google would be worth more than $750 billion:(1933,1977)      | Google:(1933,1939)   | worth:(1949,1954) |
| Google's market value would be about $585 billion:(2624,2673) | Google's:(2624,2632) | value:(2640,2645) |
| Apple a market value of more than $815 billion:(2776,2822)    | Apple:(2776,2781)    | value:(2791,2796) |
+---------------------------------------------------------------+----------------------+-------------------+
7 rows in set

View: Change
+------------------+
| change           |
+------------------+
| up:(858,860)     |
| up:(1001,1003)   |
| down:(1043,1047) |
| up:(1336,1338)   |
| up:(1895,1897)   |
+------------------+
5 rows in set

View: FirmChange
+------------------------------------------+---------------------+------------------+-----------------+
| firmChange                               | firm                | change           | percentage      |
+------------------------------------------+---------------------+------------------+-----------------+
| Google only needs to go up 15%:(834,864) | Google:(834,840)    | up:(858,860)     | 15%:(861,864)   |
| Google's stock is up 43%:(983,1007)      | Google's:(983,991)  | up:(1001,1003)   | 43%:(1004,1007) |
| Apple's shares are down 2%:(1024,1050)   | Apple's:(1024,1031) | down:(1043,1047) | 2%:(1048,1050)  |
| Google will be up 17%:(1321,1342)        | Google:(1321,1327)  | up:(1336,1338)   | 17%:(1339,1342) |
+------------------------------------------+---------------------+------------------+-----------------+
4 rows in set

View: PercentageOnly
+-----------------+
| percentage      |
+-----------------+
| 15%:(861,864)   |
| 43%:(1004,1007) |
| 2%:(1048,1050)  |
| 17%:(1339,1342) |
+-----------------+
4 rows in set
