
View: Number
+---------------------+
| number              |
+---------------------+
| 2006:(12,16)        |
| 18:(140,142)        |
| 2007:(147,151)      |
| 26.3:(176,180)      |
| 7:(193,194)         |
| 2.26:(239,243)      |
| 12:(285,287)        |
| 7:(312,313)         |
| 2005:(355,359)      |
| 17.8:(423,427)      |
| 55:(440,442)        |
| 2006:(489,493)      |
| 2.26:(515,519)      |
| 12:(573,575)        |
| 2.01:(632,636)      |
| 2005:(672,676)      |
| 2005:(697,701)      |
| 0.10:(728,732)      |
| 267:(788,791)       |
| 2006:(878,882)      |
| 7:(888,889)         |
| 2.11:(937,941)      |
| 2006:(1015,1019)    |
| 0.06:(1058,1062)    |
| 3.5:(1162,1165)     |
| 3.2:(1189,1192)     |
| 2005:(1226,1230)    |
| 8:(1247,1248)       |
| 2:(1320,1321)       |
| 2005:(1363,1367)    |
| 3.4:(1406,1409)     |
| 2006:(1491,1495)    |
| 26.3:(1500,1504)    |
| 7:(1523,1524)       |
| 4:(1534,1535)       |
| 2005.:(1596,1601)   |
| 11.1:(2073,2077)    |
| 6:(2102,2103)       |
| 5:(2125,2126)       |
| 2005:(2169,2173)    |
| 9.3:(2228,2231)     |
| 11:(2244,2246)      |
| 3:(2256,2257)       |
| 7:(2324,2325)       |
| 5:(2335,2336)       |
| 4.8:(2374,2377)     |
| 1.0:(2406,2409)     |
| 3:(2424,2425)       |
| 2005:(2452,2456)    |
| 5.6:(2517,2520)     |
| 14:(2545,2547)      |
| 11:(2557,2559)      |
| 2005.:(2629,2634)   |
| 4.4:(2766,2769)     |
| 18:(2782,2784)      |
| 2005.:(2822,2827)   |
| 2:(2865,2866)       |
| 642:(2879,2882)     |
| 22:(3284,3286)      |
| 28:(3409,3411)      |
| 25:(3581,3583)      |
| 30:(3743,3745)      |
| 12:(3880,3882)      |
| 7:(4023,4024)       |
| 4:(4034,4035)       |
| 8.6:(4073,4076)     |
| 6:(4147,4148)       |
| 3:(4158,4159)       |
| 4.2:(4197,4200)     |
| 17.8:(4250,4254)    |
| 55:(4267,4269)      |
| 116:(4502,4505)     |
| 5:(4531,4532)       |
| 7.1:(4643,4646)     |
| 3:(4675,4676)       |
| 5:(4771,4772)       |
| 6:(4935,4936)       |
| 4:(5004,5005)       |
| 2005:(5032,5036)    |
| 7:(5090,5091)       |
| 10:(5150,5152)      |
| 6:(5203,5204)       |
| 9:(5256,5257)       |
| 3:(5314,5315)       |
| 620:(5381,5384)     |
| 44.6:(5441,5445)    |
| 2006:(5461,5465)    |
| 44.1:(5495,5499)    |
| 2005:(5515,5519)    |
| 11:(5572,5574)      |
| 6.9:(5587,5590)     |
| 7:(5659,5660)       |
| 5.6:(5673,5676)     |
| 9:(5709,5710)       |
| 241:(5820,5823)     |
| 228:(5847,5850)     |
| 150:(5921,5924)     |
| 2006:(5958,5962)    |
| 334:(5981,5984)     |
| 2005.:(6018,6023)   |
| 140:(6247,6250)     |
| 2006:(6323,6327)    |
| 28.0:(6332,6336)    |
| 29.5:(6359,6363)    |
| 2005.:(6397,6402)   |
| 2006:(6694,6698)    |
| 3.5:(6704,6707)     |
| 2.31:(6721,6725)    |
| 76:(6835,6837)      |
| 2005:(6883,6887)    |
| 3.2:(6903,6906)     |
| 1.99:(6920,6924)    |
| 3:(6999,7000)       |
| 47:(7079,7081)      |
| 36:(7104,7106)      |
| 1.4:(7160,7163)     |
| 2006:(7282,7286)    |
| 1.53:(7291,7295)    |
| 1.60:(7318,7322)    |
| 2005.:(7360,7365)   |
| 2006:(7379,7383)    |
| 91.4:(7413,7417)    |
| 4:(7430,7431)       |
| 9.4:(7516,7519)     |
| 18:(7532,7534)      |
| 9:(7562,7563)       |
| 2005:(7582,7586)    |
| 6.06:(7631,7635)    |
| 23:(7677,7679)      |
| 14:(7707,7709)      |
| 2005:(7728,7732)    |
| 15.3:(7785,7789)    |
| 2.2:(7803,7806)     |
| 6.06:(7918,7922)    |
| 4.91:(7938,7942)    |
| 2005:(7969,7973)    |
| 0.40:(7993,7997)    |
| 23:(8055,8057)      |
| 2005:(8097,8101)    |
| 2006:(8123,8127)    |
| 0.74:(8139,8143)    |
| 14:(8158,8160)      |
| 31:(8274,8276)      |
| 2006:(8278,8282)    |
| 9.4:(8288,8291)     |
| 8.0:(8316,8319)     |
| 18:(8358,8360)      |
| 525:(8398,8401)     |
| 2005:(8443,8447)    |
| 267:(8543,8546)     |
| 1.7:(8628,8631)     |
| 1.1:(8656,8659)     |
| 775:(8735,8738)     |
| 2005:(8842,8846)    |
| 9:(8901,8902)       |
| 2006:(8970,8974)    |
| 91.4:(8984,8988)    |
| 91.1:(9069,9073)    |
| 2005:(9086,9090)    |
| 2.9:(9123,9126)     |
| 2005:(9164,9168)    |
| 4:(9230,9231)       |
| 3:(9241,9242)       |
| 2005:(9294,9298)    |
| 39.5:(9379,9383)    |
| 2:(9408,9409)       |
| 4:(9431,9432)       |
| 2005:(9483,9487)    |
| 30.5:(9542,9546)    |
| 2:(9577,9578)       |
| 6:(9653,9654)       |
| 2:(9667,9668)       |
| 17.6:(9714,9718)    |
| 3.9:(9747,9750)     |
| 18:(9763,9765)      |
| 2005.:(9788,9793)   |
| 2006:(9826,9830)    |
| 18.2:(9840,9844)    |
| 8:(9869,9870)       |
| 7:(9880,9881)       |
| 32.3:(9978,9982)    |
| 3:(10007,10008)     |
| 2:(10018,10019)     |
| 2005.:(10067,10072) |
| 16.0:(10130,10134)  |
| 1:(10153,10154)     |
| 22.0:(10217,10221)  |
| 5:(10246,10247)     |
| 4:(10257,10258)     |
| 2.4:(10328,10331)   |
| 2:(10355,10356)     |
| 2:(10366,10367)     |
| 2006:(10442,10446)  |
| 9.5:(10452,10455)   |
| 6.11:(10469,10473)  |
| 76:(10583,10585)    |
| 2005:(10613,10617)  |
| 7.9:(10633,10636)   |
| 4.87:(10650,10654)  |
| 24:(10729,10731)    |
| 47:(10810,10812)    |
| 36:(10835,10837)    |
| 2006:(10860,10864)  |
| 10.7:(10871,10875)  |
| 15.3:(11011,11015)  |
| 2.2:(11042,11045)   |
| 158:(11259,11262)   |
| 158:(11269,11272)   |
| 2006.:(11415,11420) |
| 158:(11771,11774)   |
| 31:(11787,11789)    |
| 2006:(11791,11795)  |
| 9.2:(11829,11832)   |
| 0.3:(11872,11875)   |
| 9.5:(11921,11924)   |
| 8.0:(12151,12154)   |
| 2006.:(12166,12171) |
| 2006:(12240,12244)  |
| 1.55:(12249,12253)  |
| 1.63:(12276,12280)  |
| 2005.:(12299,12304) |
| 31:(12320,12322)    |
| 2006:(12324,12328)  |
| 1.51:(12341,12345)  |
| 22.7:(12433,12437)  |
| 22.6:(12462,12466)  |
| 2005.:(12487,12492) |
| 1.5:(12583,12586)   |
| 2006:(12609,12613)  |
| 1.8:(12652,12655)   |
| 2005:(12678,12682)  |
| 22.3:(12698,12702)  |
| 6.9:(12751,12754)   |
| 1.:(12758,12760)    |
| 1995.:(13031,13036) |
| 10:(14184,14186)    |
| 10:(14195,14197)    |
| 8:(15358,15359)     |
+---------------------+
238 rows in set

View: Percentage
+
|
+
There is nothing in the view Percentage!

View: Unit
+-----------------------+
| unit                  |
+-----------------------+
| billion:(181,188)     |
| billion:(428,435)     |
| billion:(1166,1173)   |
| billion:(1193,1200)   |
| billion:(1410,1417)   |
| billion:(1505,1512)   |
| billion:(2078,2085)   |
| billion:(2232,2239)   |
| billion:(2378,2385)   |
| billion:(2410,2417)   |
| billion:(2521,2528)   |
| billion:(2770,2777)   |
| billion:(4077,4084)   |
| billion:(4201,4208)   |
| billion:(4255,4262)   |
| billion:(4506,4513)   |
| billion:(4533,4540)   |
| billion:(4647,4654)   |
| billion:(5591,5598)   |
| billion:(5677,5684)   |
| billion:(6708,6715)   |
| billion:(6907,6914)   |
| billion:(7164,7171)   |
| billion:(7296,7303)   |
| billion:(7323,7330)   |
| billion:(7418,7425)   |
| billion:(7520,7527)   |
| billion:(7790,7797)   |
| billion:(7807,7814)   |
| billion:(8292,8299)   |
| billion:(8320,8327)   |
| billion:(8632,8639)   |
| billion:(8660,8667)   |
| billion:(8989,8996)   |
| billion:(9074,9081)   |
| billion:(9127,9134)   |
| billion:(9384,9391)   |
| billion:(9547,9554)   |
| billion:(9719,9726)   |
| billion:(9751,9758)   |
| billion:(9845,9852)   |
| billion:(9983,9990)   |
| billion:(10135,10142) |
| billion:(10222,10229) |
| billion:(10332,10339) |
| billion:(10456,10463) |
| billion:(10637,10644) |
| billion:(10876,10883) |
| billion:(11016,11023) |
| billion:(11046,11053) |
| billion:(11833,11840) |
| billion:(11876,11883) |
| billion:(11925,11932) |
| billion:(12155,12162) |
| billion:(12254,12261) |
| billion:(12281,12288) |
| billion:(12346,12353) |
| billion:(12438,12445) |
| billion:(12467,12474) |
| billion:(12656,12663) |
| billion:(12703,12710) |
+-----------------------+
61 rows in set

View: Money
+-----------------------------+-----------------+--------------------+-----------------------+
| money                       | dollar          | number             | unit                  |
+-----------------------------+-----------------+--------------------+-----------------------+
| $26.3 billion:(175,188)     | $:(175,176)     | 26.3:(176,180)     | billion:(181,188)     |
| $17.8 billion:(422,435)     | $:(422,423)     | 17.8:(423,427)     | billion:(428,435)     |
| $3.5 billion:(1161,1173)    | $:(1161,1162)   | 3.5:(1162,1165)    | billion:(1166,1173)   |
| $3.2 billion:(1188,1200)    | $:(1188,1189)   | 3.2:(1189,1192)    | billion:(1193,1200)   |
| $3.4 billion:(1405,1417)    | $:(1405,1406)   | 3.4:(1406,1409)    | billion:(1410,1417)   |
| $26.3 billion:(1499,1512)   | $:(1499,1500)   | 26.3:(1500,1504)   | billion:(1505,1512)   |
| $11.1 billion:(2072,2085)   | $:(2072,2073)   | 11.1:(2073,2077)   | billion:(2078,2085)   |
| $9.3 billion:(2227,2239)    | $:(2227,2228)   | 9.3:(2228,2231)    | billion:(2232,2239)   |
| $4.8 billion:(2373,2385)    | $:(2373,2374)   | 4.8:(2374,2377)    | billion:(2378,2385)   |
| $1.0 billion:(2405,2417)    | $:(2405,2406)   | 1.0:(2406,2409)    | billion:(2410,2417)   |
| $5.6 billion:(2516,2528)    | $:(2516,2517)   | 5.6:(2517,2520)    | billion:(2521,2528)   |
| $4.4 billion:(2765,2777)    | $:(2765,2766)   | 4.4:(2766,2769)    | billion:(2770,2777)   |
| $8.6 billion:(4072,4084)    | $:(4072,4073)   | 8.6:(4073,4076)    | billion:(4077,4084)   |
| $4.2 billion:(4196,4208)    | $:(4196,4197)   | 4.2:(4197,4200)    | billion:(4201,4208)   |
| $17.8 billion:(4249,4262)   | $:(4249,4250)   | 17.8:(4250,4254)   | billion:(4255,4262)   |
| $116 billion:(4501,4513)    | $:(4501,4502)   | 116:(4502,4505)    | billion:(4506,4513)   |
| $5 billion:(4530,4540)      | $:(4530,4531)   | 5:(4531,4532)      | billion:(4533,4540)   |
| $7.1 billion:(4642,4654)    | $:(4642,4643)   | 7.1:(4643,4646)    | billion:(4647,4654)   |
| $6.9 billion:(5586,5598)    | $:(5586,5587)   | 6.9:(5587,5590)    | billion:(5591,5598)   |
| $5.6 billion:(5672,5684)    | $:(5672,5673)   | 5.6:(5673,5676)    | billion:(5677,5684)   |
| $3.5 billion:(6703,6715)    | $:(6703,6704)   | 3.5:(6704,6707)    | billion:(6708,6715)   |
| $3.2 billion:(6902,6914)    | $:(6902,6903)   | 3.2:(6903,6906)    | billion:(6907,6914)   |
| $1.4 billion:(7159,7171)    | $:(7159,7160)   | 1.4:(7160,7163)    | billion:(7164,7171)   |
| $91.4 billion:(7412,7425)   | $:(7412,7413)   | 91.4:(7413,7417)   | billion:(7418,7425)   |
| $9.4 billion:(7515,7527)    | $:(7515,7516)   | 9.4:(7516,7519)    | billion:(7520,7527)   |
| $15.3 billion:(7784,7797)   | $:(7784,7785)   | 15.3:(7785,7789)   | billion:(7790,7797)   |
| $2.2 billion:(7802,7814)    | $:(7802,7803)   | 2.2:(7803,7806)    | billion:(7807,7814)   |
| $9.4 billion:(8287,8299)    | $:(8287,8288)   | 9.4:(8288,8291)    | billion:(8292,8299)   |
| $8.0 billion:(8315,8327)    | $:(8315,8316)   | 8.0:(8316,8319)    | billion:(8320,8327)   |
| $1.7 billion:(8627,8639)    | $:(8627,8628)   | 1.7:(8628,8631)    | billion:(8632,8639)   |
| $1.1 billion:(8655,8667)    | $:(8655,8656)   | 1.1:(8656,8659)    | billion:(8660,8667)   |
| $91.4 billion:(8983,8996)   | $:(8983,8984)   | 91.4:(8984,8988)   | billion:(8989,8996)   |
| $91.1 billion:(9068,9081)   | $:(9068,9069)   | 91.1:(9069,9073)   | billion:(9074,9081)   |
| $2.9 billion:(9122,9134)    | $:(9122,9123)   | 2.9:(9123,9126)    | billion:(9127,9134)   |
| $39.5 billion:(9378,9391)   | $:(9378,9379)   | 39.5:(9379,9383)   | billion:(9384,9391)   |
| $30.5 billion:(9541,9554)   | $:(9541,9542)   | 30.5:(9542,9546)   | billion:(9547,9554)   |
| $17.6 billion:(9713,9726)   | $:(9713,9714)   | 17.6:(9714,9718)   | billion:(9719,9726)   |
| $3.9 billion:(9746,9758)    | $:(9746,9747)   | 3.9:(9747,9750)    | billion:(9751,9758)   |
| $18.2 billion:(9839,9852)   | $:(9839,9840)   | 18.2:(9840,9844)   | billion:(9845,9852)   |
| $32.3 billion:(9977,9990)   | $:(9977,9978)   | 32.3:(9978,9982)   | billion:(9983,9990)   |
| $16.0 billion:(10129,10142) | $:(10129,10130) | 16.0:(10130,10134) | billion:(10135,10142) |
| $22.0 billion:(10216,10229) | $:(10216,10217) | 22.0:(10217,10221) | billion:(10222,10229) |
| $2.4 billion:(10327,10339)  | $:(10327,10328) | 2.4:(10328,10331)  | billion:(10332,10339) |
| $9.5 billion:(10451,10463)  | $:(10451,10452) | 9.5:(10452,10455)  | billion:(10456,10463) |
| $7.9 billion:(10632,10644)  | $:(10632,10633) | 7.9:(10633,10636)  | billion:(10637,10644) |
| $10.7 billion:(10870,10883) | $:(10870,10871) | 10.7:(10871,10875) | billion:(10876,10883) |
| $15.3 billion:(11010,11023) | $:(11010,11011) | 15.3:(11011,11015) | billion:(11016,11023) |
| $2.2 billion:(11041,11053)  | $:(11041,11042) | 2.2:(11042,11045)  | billion:(11046,11053) |
| $9.2 billion:(11828,11840)  | $:(11828,11829) | 9.2:(11829,11832)  | billion:(11833,11840) |
| $0.3 billion:(11871,11883)  | $:(11871,11872) | 0.3:(11872,11875)  | billion:(11876,11883) |
| $9.5 billion:(11920,11932)  | $:(11920,11921) | 9.5:(11921,11924)  | billion:(11925,11932) |
| $8.0 billion:(12150,12162)  | $:(12150,12151) | 8.0:(12151,12154)  | billion:(12155,12162) |
| $22.7 billion:(12432,12445) | $:(12432,12433) | 22.7:(12433,12437) | billion:(12438,12445) |
| $22.6 billion:(12461,12474) | $:(12461,12462) | 22.6:(12462,12466) | billion:(12467,12474) |
| $1.8 billion:(12651,12663)  | $:(12651,12652) | 1.8:(12652,12655)  | billion:(12656,12663) |
| $22.3 billion:(12697,12710) | $:(12697,12698) | 22.3:(12698,12702) | billion:(12703,12710) |
+-----------------------------+-----------------+--------------------+-----------------------+
56 rows in set

View: Firm
+------+
| firm |
+------+
+------+
0 rows in set

View: Value
+---------------------+
| value               |
+---------------------+
| value:(11645,11650) |
+---------------------+
1 rows in set

View: FirmHasValue
+
|
+
There is nothing in the view FirmHasValue!

View: Change
+------------------+
| change           |
+------------------+
| up:(190,192)     |
| up:(282,284)     |
| up:(437,439)     |
| up:(2241,2243)   |
| down:(2419,2423) |
| up:(2779,2781)   |
| up:(4264,4266)   |
| up:(4616,4618)   |
| up:(4672,4674)   |
| up:(7427,7429)   |
| up:(7529,7531)   |
| up:(7559,7561)   |
| up:(7674,7676)   |
| up:(7704,7706)   |
| up:(7799,7801)   |
| up:(8355,8357)   |
| up:(9574,9576)   |
| up:(9664,9666)   |
| up:(9760,9762)   |
| up:(10150,10152) |
| up:(13807,13809) |
| up:(14378,14380) |
| up:(15097,15099) |
| up:(15321,15323) |
+------------------+
24 rows in set

View: FirmChange
+
|
+
There is nothing in the view FirmChange!

View: PercentageOnly
+
|
+
There is nothing in the view PercentageOnly!
