
View: Number
+------------------+
| number           |
+------------------+
| 100:(59,62)      |
| 5:(111,112)      |
| 2015:(114,118)   |
| 5:(265,266)      |
| 20:(715,717)     |
| 4:(754,755)      |
| 3:(986,987)      |
| 2:(1401,1402)    |
| 9:(1593,1594)    |
| 2016:(1596,1600) |
| 19:(1700,1702)   |
| 1:(1760,1761)    |
| 25:(1931,1933)   |
| 29:(1952,1954)   |
| 2011:(2023,2027) |
| 21:(2067,2069)   |
+------------------+
16 rows in set

View: Month
+----------------------+
| month                |
+----------------------+
| December:(102,110)   |
| February:(1943,1951) |
+----------------------+
2 rows in set

View: Year
+------------------+
| year             |
+------------------+
| 2015:(114,118)   |
| 2016:(1596,1600) |
+------------------+
2 rows in set

View: Author
+---------------------------+
| author                    |
+---------------------------+
| Justin Bieber:(268,281)   |
| Justin Bieber:(620,633)   |
| Justin Bieber:(757,770)   |
| Drake:(989,994)           |
| Drake:(1059,1064)         |
| Drake:(1125,1130)         |
| Adele:(1141,1146)         |
| Adele:(1160,1165)         |
| Drake:(1191,1196)         |
| Drake:(1251,1256)         |
| Adele:(1283,1288)         |
| Drake:(1384,1389)         |
| Justin Bieber:(1404,1417) |
| Justin Bieber:(1443,1456) |
| Adele:(1763,1768)         |
| Adele:(1826,1831)         |
| Adele:(1998,2003)         |
+---------------------------+
17 rows in set

View: Name
+------------------------------+
| name                         |
+------------------------------+
| "What Do You Mean":(282,300) |
| "What Do You Mean":(368,386) |
| "Love Yourself":(771,786)    |
| "Love Yourself":(814,829)    |
| "Sorry":(910,917)            |
| "What Do You Mean":(922,940) |
| "Hotline Bling":(995,1010)   |
| "Hotline Bling":(1102,1117)  |
| "Hotline Bling":(1234,1249)  |
| "Sorry":(1418,1425)          |
| "Sorry":(1491,1498)          |
| "Hello":(1769,1776)          |
| "Hello":(1881,1888)          |
+------------------------------+
13 rows in set

View: Time
+----------------------------+--------------------+-------------+----------------+
| Time                       | Month              | Day         | Year           |
+----------------------------+--------------------+-------------+----------------+
| December 5, 2015:(102,118) | December:(102,110) | 5:(111,112) | 2015:(114,118) |
+----------------------------+--------------------+-------------+----------------+
1 rows in set

View: Rank
+------------------------------------------------------+---------------+---------------------------+------------------------------+
| rank                                                 | order         | author                    | name                         |
+------------------------------------------------------+---------------+---------------------------+------------------------------+
| Number 5: Justin Bieber "What Do You Mean":(258,300) | 5:(265,266)   | Justin Bieber:(268,281)   | "What Do You Mean":(282,300) |
| Number 4: Justin Bieber "Love Yourself":(747,786)    | 4:(754,755)   | Justin Bieber:(757,770)   | "Love Yourself":(771,786)    |
| Number 3: Drake "Hotline Bling":(979,1010)           | 3:(986,987)   | Drake:(989,994)           | "Hotline Bling":(995,1010)   |
| Number 2: Justin Bieber "Sorry":(1394,1425)          | 2:(1401,1402) | Justin Bieber:(1404,1417) | "Sorry":(1418,1425)          |
| Number 1: Adele "Hello":(1753,1776)                  | 1:(1760,1761) | Adele:(1763,1768)         | "Hello":(1769,1776)          |
+------------------------------------------------------+---------------+---------------------------+------------------------------+
5 rows in set

View: AuthorOnly
+---------------------------+
| author                    |
+---------------------------+
| Justin Bieber:(268,281)   |
| Justin Bieber:(757,770)   |
| Drake:(989,994)           |
| Justin Bieber:(1404,1417) |
| Adele:(1763,1768)         |
+---------------------------+
5 rows in set
