
View: Number
+------------------+
| number           |
+------------------+
| 100:(58,61)      |
| 12:(110,112)     |
| 2015:(114,118)   |
| 2016:(125,129)   |
| 7:(177,178)      |
| 5:(247,248)      |
| 4:(518,519)      |
| 2016:(668,672)   |
| 3:(864,865)      |
| 2013:(1051,1055) |
| 11:(1229,1231)   |
| 2:(1241,1242)    |
| 15:(1390,1392)   |
| 2016:(1394,1398) |
| 58:(1417,1419)   |
| 1:(1509,1510)    |
| 100:(1566,1569)  |
| 2016:(1612,1616) |
| 1:(1828,1829)    |
| 2014:(1831,1835) |
| 30:(1850,1852)   |
| 2015:(1854,1858) |
| 25:(1884,1886)   |
+------------------+
23 rows in set

View: Month
+-----------------------+
| month                 |
+-----------------------+
| December:(101,109)    |
| December:(168,176)    |
| February:(1381,1389)  |
| October:(1820,1827)   |
| September:(1840,1849) |
+-----------------------+
5 rows in set

View: Year
+------------------+
| year             |
+------------------+
| 2015:(114,118)   |
| 2016:(125,129)   |
| 2016:(668,672)   |
| 2013:(1051,1055) |
| 2016:(1394,1398) |
| 2016:(1612,1616) |
| 2014:(1831,1835) |
| 2015:(1854,1858) |
+------------------+
8 rows in set

View: Author
+---------------------------+
| author                    |
+---------------------------+
| The Weeknd:(250,260)      |
| The Weeknd:(274,284)      |
| The Weeknd:(439,449)      |
| Justin Bieber:(521,534)   |
| Justin Bieber:(556,569)   |
| Drake:(867,872)           |
| Drake:(972,977)           |
| Justin Bieber:(1244,1257) |
| Justin Bieber:(1267,1280) |
| Adele:(1512,1517)         |
| Adele:(1527,1532)         |
| Adele:(1642,1647)         |
| Adele:(1967,1972)         |
+---------------------------+
13 rows in set

View: Name
+-------------------------------+
| name                          |
+-------------------------------+
| "The Hills":(261,272)         |
| "The Hills":(325,336)         |
| "What Do You Mean?":(535,554) |
| "What Do You Mean?":(632,651) |
| "Where Are U Now":(720,737)   |
| "Hotline Bling":(873,888)     |
| "Hotline Bling":(1009,1024)   |
| "Sorry":(1258,1265)           |
| "Sorry.":(1328,1336)          |
| "Hello":(1518,1525)           |
| "Hello":(1593,1600)           |
| "Hello":(1868,1875)           |
+-------------------------------+
12 rows in set

View: Time
+--------------------------------+-----------------------+----------------+------------------+
| Time                           | Month                 | Day            | Year             |
+--------------------------------+-----------------------+----------------+------------------+
| December 12, 2015:(101,118)    | December:(101,109)    | 12:(110,112)   | 2015:(114,118)   |
| February 15, 2016:(1381,1398)  | February:(1381,1389)  | 15:(1390,1392) | 2016:(1394,1398) |
| October 1, 2014:(1820,1835)    | October:(1820,1827)   | 1:(1828,1829)  | 2014:(1831,1835) |
| September 30, 2015:(1840,1858) | September:(1840,1849) | 30:(1850,1852) | 2015:(1854,1858) |
+--------------------------------+-----------------------+----------------+------------------+
4 rows in set

View: Rank
+-------------------------------------------------------+---------------+---------------------------+-------------------------------+
| rank                                                  | order         | author                    | name                          |
+-------------------------------------------------------+---------------+---------------------------+-------------------------------+
| Number 5: The Weeknd "The Hills":(240,272)            | 5:(247,248)   | The Weeknd:(250,260)      | "The Hills":(261,272)         |
| Number 4: Justin Bieber "What Do You Mean?":(511,554) | 4:(518,519)   | Justin Bieber:(521,534)   | "What Do You Mean?":(535,554) |
| Number 3: Drake "Hotline Bling":(857,888)             | 3:(864,865)   | Drake:(867,872)           | "Hotline Bling":(873,888)     |
| Number 2: Justin Bieber "Sorry":(1234,1265)           | 2:(1241,1242) | Justin Bieber:(1244,1257) | "Sorry":(1258,1265)           |
| Number 1: Adele "Hello":(1502,1525)                   | 1:(1509,1510) | Adele:(1512,1517)         | "Hello":(1518,1525)           |
+-------------------------------------------------------+---------------+---------------------------+-------------------------------+
5 rows in set

View: AuthorOnly
+---------------------------+
| author                    |
+---------------------------+
| The Weeknd:(250,260)      |
| Justin Bieber:(521,534)   |
| Drake:(867,872)           |
| Justin Bieber:(1244,1257) |
| Adele:(1512,1517)         |
+---------------------------+
5 rows in set
